C:\Users\Anna\Documents\GitHub\QM-D_2_CAMERA\QM-D_2_CAMERA.dwg,A701,12/06/2017 11:42:07,Anna,AutoCAD PDF (High Quality Print).pc3,ISO pagina intera A1 (841 x 594 mm),1:1,
C:\Users\Anna\Documents\GitHub\QM-D_2_CAMERA\QM-D_2_CAMERA.dwg,A701,12/06/2017 11:44:18,Anna,AutoCAD PDF (High Quality Print).pc3,ISO pagina intera A1 (841 x 594 mm),1:1,
C:\Users\Anna\Documents\GitHub\QM-D_2_CAMERA\QM-D_2_CAMERA.dwg,A701,12/06/2017 11:45:20,Anna,AutoCAD PDF (High Quality Print).pc3,ISO pagina intera A1 (841 x 594 mm),1:1,
C:\Users\Anna\Documents\GitHub\QM-D_2_CAMERA\QM-D_2_CAMERA.dwg,A701,12/06/2017 11:46:30,Anna,AutoCAD PDF (High Quality Print).pc3,ISO pagina intera A1 (841 x 594 mm),1:1,
C:\Users\Anna\Documents\GitHub\QM-D_2_CAMERA\QM-D_2_CAMERA.dwg,A701,12/06/2017 11:47:28,Anna,AutoCAD PDF (High Quality Print).pc3,ISO pagina intera A1 (841 x 594 mm),1:1,
C:\Users\Anna\Documents\GitHub\QM-D_2_CAMERA\QM-D_2_CAMERA.dwg,A701,12/06/2017 11:48:53,Anna,AutoCAD PDF (High Quality Print).pc3,ISO pagina intera A1 (841 x 594 mm),1:1,
C:\Users\Anna\Documents\GitHub\QM-D_2_CAMERA\QM-D_2_CAMERA.dwg,A701,12/06/2017 11:51:01,Anna,AutoCAD PDF (High Quality Print).pc3,ISO pagina intera A1 (841 x 594 mm),1:1,
C:\Users\Anna\Documents\GitHub\QM-D_2_CAMERA\QM-D_2_CAMERA.dwg,A701,12/06/2017 11:54:04,Anna,AutoCAD PDF (High Quality Print).pc3,ISO pagina intera A1 (841 x 594 mm),1:1,
C:\Users\Anna\Documents\GitHub\QM-D_2_CAMERA\QM-D_2_CAMERA.dwg,A701,12/06/2017 11:54:27,Anna,AutoCAD PDF (High Quality Print).pc3,ISO pagina intera A1 (841 x 594 mm),1:1,
C:\Users\Anna\Documents\GitHub\QM-D_2_CAMERA\QM-D_2_CAMERA.dwg,A701,12/06/2017 11:54:41,Anna,AutoCAD PDF (High Quality Print).pc3,ISO pagina intera A1 (841 x 594 mm),1:1,
C:\Users\Anna\Documents\GitHub\QM-D_2_CAMERA\QM-D_2_CAMERA.dwg,A701,12/06/2017 11:55:02,Anna,AutoCAD PDF (High Quality Print).pc3,ISO pagina intera A1 (841 x 594 mm),1:1,
C:\Users\Anna\Documents\GitHub\QM-D_2_CAMERA\QM-D_2_CAMERA.dwg,A701,12/06/2017 11:56:11,Anna,AutoCAD PDF (High Quality Print).pc3,ISO pagina intera A1 (841 x 594 mm),1:1,
C:\Users\Anna\Documents\GitHub\QM-D_2_CAMERA\QM-D_2_CAMERA.dwg,A701,15/06/2017 13:57:20,Anna,AutoCAD PDF (High Quality Print).pc3,ISO pagina intera A1 (841 x 594 mm),1:1,
C:\Users\Anna\Documents\GitHub\QM-D_2_CAMERA\QM-D_2_CAMERA.dwg,A701,15/06/2017 13:59:35,Anna,AutoCAD PDF (High Quality Print).pc3,ISO pagina intera A1 (841 x 594 mm),1:1,
C:\Users\Anna\Documents\GitHub\QM-D_2_CAMERA\QM-D_2_CAMERA.dwg,A701,15/06/2017 14:45:25,Anna,AutoCAD PDF (High Quality Print).pc3,ISO pagina intera A1 (841 x 594 mm),1:1,
C:\Users\Anna\Documents\GitHub\QM-D_2_CAMERA\QM-D_2_CAMERA.dwg,A701,23/06/2017 17:17:48,Anna,AutoCAD PDF (High Quality Print).pc3,ISO pagina intera A1 (841 x 594 mm),1:1,
C:\Users\Anna\Documents\GitHub\QM-D_2_CAMERA\QM-D_2_CAMERA.dwg,A701,23/06/2017 17:21:00,Anna,AutoCAD PDF (High Quality Print).pc3,ISO pagina intera A1 (841 x 594 mm),1:1,
C:\Users\Anna\Documents\GitHub\QM-D_2_CAMERA\HEMNES_799-293-41.dwg,A701,23/06/2017 17:50:59,Anna,AutoCAD PDF (High Quality Print).pc3,ISO pagina intera A1 (841 x 594 mm),1:1,
C:\Users\Anna\Documents\GitHub\QM-D_2_CAMERA\HEMNES_799-293-41.dwg,A701,23/06/2017 17:51:53,Anna,AutoCAD PDF (High Quality Print).pc3,ISO pagina intera A1 (841 x 594 mm),1:1,
C:\Users\Anna\Documents\GitHub\QM-D_2_CAMERA\HEMNES_799-293-41.dwg,A702,23/06/2017 17:54:11,Anna,AutoCAD PDF (High Quality Print).pc3,ISO pagina intera A1 (841 x 594 mm),1:1,
C:\Users\Anna\Documents\GitHub\QM-D_2_CAMERA\TARVA_902-196-12.dwg,A702,24/06/2017 19:06:43,Anna,AutoCAD PDF (High Quality Print).pc3,ISO pagina intera A1 (841 x 594 mm),1:1,
C:\Users\Anna\Documents\GitHub\QM-D_2_CAMERA\TARVA_902-196-12.dwg,A702,24/06/2017 19:08:22,Anna,AutoCAD PDF (High Quality Print).pc3,ISO pagina intera A1 (841 x 594 mm),1:1,
C:\Users\Anna\Documents\GitHub\QM-D_2_CAMERA\TARVA_902-196-12.dwg,A702,24/06/2017 19:08:37,Anna,AutoCAD PDF (High Quality Print).pc3,ISO pagina intera A1 (841 x 594 mm),1:1,
C:\Users\Anna\Documents\GitHub\QM-D_2_CAMERA\TARVA_902-196-12.dwg,A701,24/06/2017 19:08:59,Anna,AutoCAD PDF (High Quality Print).pc3,ISO pagina intera A1 (841 x 594 mm),1:1,
C:\Users\Anna\Documents\GitHub\QM-D_2_CAMERA\HEMNES_202-004-56.dwg,Layout3-A701,27/06/2017 17:49:30,Anna,AutoCAD PDF (High Quality Print).pc3,ISO pagina intera A1 (841 x 594 mm),1:1,
C:\Users\Anna\Documents\GitHub\QM-D_2_CAMERA\QM-D_2_CAMERA.dwg,A701,27/06/2017 17:50:51,Anna,AutoCAD PDF (High Quality Print).pc3,ISO pagina intera A1 (841 x 594 mm),1:1,
C:\Users\Anna\Documents\GitHub\QM-D_2_CAMERA\HEMNES_202-004-56.dwg,Layout3-A701,27/06/2017 18:11:16,Anna,AutoCAD PDF (High Quality Print).pc3,ISO pagina intera A1 (841 x 594 mm),1:1,
C:\Users\Anna\Documents\GitHub\QM-D_2_CAMERA\TARVA_902-196-12.dwg,A701,27/06/2017 18:38:40,Anna,AutoCAD PDF (High Quality Print).pc3,ISO pagina intera A1 (841 x 594 mm),1:1,
C:\Users\Anna\Documents\GitHub\QM-D_2_CAMERA\TARVA_902-196-12.dwg,A702,27/06/2017 18:38:54,Anna,AutoCAD PDF (High Quality Print).pc3,ISO pagina intera A1 (841 x 594 mm),1:1,
C:\Users\Anna\Documents\GitHub\QM-D_2_CAMERA\HEMNES_799-293-41.dwg,A701,30/06/2017 11:56:18,Anna,AutoCAD PDF (High Quality Print).pc3,ISO pagina intera A1 (841 x 594 mm),1:1,
C:\Users\Anna\Documents\GitHub\QM-D_2_CAMERA\HEMNES_799-293-41.dwg,A701,30/06/2017 11:57:14,Anna,AutoCAD PDF (High Quality Print).pc3,ISO pagina intera A1 (841 x 594 mm),1:1,
C:\Users\Anna\Documents\GitHub\QM-D_2_CAMERA\HEMNES_799-293-41.dwg,A702,30/06/2017 11:57:30,Anna,AutoCAD PDF (High Quality Print).pc3,ISO pagina intera A1 (841 x 594 mm),1:1,
C:\Users\Anna\Documents\GitHub\QM-D_2_CAMERA\HEMNES_502-512-70.dwg,Layout1-A701,30/06/2017 12:40:59,Anna,AutoCAD PDF (High Quality Print).pc3,ISO pagina intera A1 (841 x 594 mm),1:1,
C:\Users\Anna\Documents\GitHub\QM-D_2_CAMERA\TARVA_902-196-12.dwg,A701,30/06/2017 12:41:49,Anna,AutoCAD PDF (High Quality Print).pc3,ISO pagina intera A1 (841 x 594 mm),1:1,
C:\Users\Anna\Documents\GitHub\QM-D_2_CAMERA\TARVA_902-196-12.dwg,A702,30/06/2017 12:42:13,Anna,AutoCAD PDF (High Quality Print).pc3,ISO pagina intera A1 (841 x 594 mm),1:1,
C:\Users\Anna\Documents\GitHub\QM-D_2_CAMERA\HEMNES_799-293-41.dwg,A702,30/06/2017 12:42:37,Anna,AutoCAD PDF (High Quality Print).pc3,ISO pagina intera A1 (841 x 594 mm),1:1,
C:\Users\Anna\Documents\GitHub\QM-D_2_CAMERA\HEMNES_799-293-41.dwg,A701,30/06/2017 12:42:53,Anna,AutoCAD PDF (High Quality Print).pc3,ISO pagina intera A1 (841 x 594 mm),1:1,
C:\Users\Anna\Documents\GitHub\QM-D_2_CAMERA\QM-D_2_CAMERA.dwg,A701,30/06/2017 12:43:31,Anna,AutoCAD PDF (High Quality Print).pc3,ISO pagina intera A1 (841 x 594 mm),1:1,
C:\Users\Anna\Documents\GitHub\QM-D_2_CAMERA\HEMNES_202-004-56.dwg,Layout3-A701,30/06/2017 12:44:35,Anna,AutoCAD PDF (High Quality Print).pc3,ISO pagina intera A1 (841 x 594 mm),1:1,
C:\Users\Anna\Documents\GitHub\QM-D_2_CAMERA\HEMNES_202-004-56.dwg,Layout3-A701,30/06/2017 12:46:08,Anna,AutoCAD PDF (High Quality Print).pc3,ISO pagina intera A1 (841 x 594 mm),1:1,
C:\Users\Anna\Documents\GitHub\QM-D_2_CAMERA\QM-D_2_CAMERA.dwg,A701,02/07/2017 18:00:12,Anna,AutoCAD PDF (High Quality Print).pc3,ISO pagina intera A1 (841 x 594 mm),1:1,
C:\Users\Anna\Documents\GitHub\QM-D_2_CAMERA\QM-D_2_CAMERA.dwg,A701,03/07/2017 18:41:53,Anna,AutoCAD PDF (High Quality Print).pc3,ISO pagina intera A1 (841 x 594 mm),1:1,
C:\Users\Anna\Documents\GitHub\QM-D_2_CAMERA\QM-D_2_CAMERA.dwg,A701 (2),03/07/2017 18:42:13,Anna,AutoCAD PDF (High Quality Print).pc3,ISO pagina intera A1 (841 x 594 mm),1:1,
C:\Users\Anna\Documents\GitHub\QM-D_2_CAMERA\QM-D_2_CAMERA.dwg,A701,04/07/2017 10:16:45,Anna,AutoCAD PDF (High Quality Print).pc3,ISO pagina intera A1 (841 x 594 mm),1:1,
C:\Users\Anna\Documents\GitHub\QM-D_2_CAMERA\HEMNES_799-293-41.dwg,A701,04/07/2017 10:24:35,Anna,AutoCAD PDF (High Quality Print).pc3,ISO pagina intera A1 (841 x 594 mm),1:1,
C:\Users\Anna\Documents\GitHub\QM-D_2_CAMERA\HEMNES_799-293-41.dwg,A702,04/07/2017 10:24:48,Anna,AutoCAD PDF (High Quality Print).pc3,ISO pagina intera A1 (841 x 594 mm),1:1,
C:\Users\Anna\Documents\GitHub\QM-D_2_CAMERA\TARVA_902-196-12.dwg,A702,04/07/2017 10:27:26,Anna,AutoCAD PDF (High Quality Print).pc3,ISO pagina intera A1 (841 x 594 mm),1:1,
C:\Users\Anna\Documents\GitHub\QM-D_2_CAMERA\TARVA_902-196-12.dwg,A702,13/07/2017 11:02:27,Anna,AutoCAD PDF (High Quality Print).pc3,ISO pagina intera A1 (841 x 594 mm),1:1,
C:\Users\Anna\Documents\GitHub\QM-D_2_CAMERA\QM-D_2_CAMERA.dwg,A701 (2),13/07/2017 12:50:39,Anna,AutoCAD PDF (High Quality Print).pc3,ISO pagina intera A1 (841 x 594 mm),1:1,
